[19:24:08] [ServerMain/INFO]: [bootstrap] Running Java 21 (OpenJDK 64-Bit Server VM 21.0.9+10-Ubuntu-124.04; Ubuntu null) on Linux 6.8.0-1030-azure (amd64)
[19:24:08] [ServerMain/INFO]: [bootstrap] Loading Paper 1.21.8-6-main@782ce95 (2025-07-18T20:26:58Z) for Minecraft 1.21.8
[19:24:09] [ServerMain/INFO]: [PluginInitializerManager] Initializing plugins...
[19:24:09] [ServerMain/INFO]: [PluginInitializerManager] Initialized 0 plugins
[19:24:16] [ServerMain/INFO]: Environment: Environment[sessionHost=https://sessionserver.mojang.com, servicesHost=https://api.minecraftservices.com, name=PROD]
[19:24:20] [ServerMain/INFO]: Loaded 1407 recipes
[19:24:20] [ServerMain/INFO]: Loaded 1520 advancements
[19:24:20] [ServerMain/INFO]: [ca.spottedleaf.dataconverter.minecraft.datatypes.MCTypeRegistry] Initialising converters for DataConverter...
[19:24:20] [ServerMain/INFO]: [ca.spottedleaf.dataconverter.minecraft.datatypes.MCTypeRegistry] Finished initialising converters for DataConverter in 553.9ms
[19:24:21] [Server thread/INFO]: Starting minecraft server version 1.21.8
[19:24:21] [Server thread/INFO]: Loading properties
[19:24:21] [Server thread/INFO]: This server is running Paper version 1.21.8-6-main@782ce95 (2025-07-18T20:26:58Z) (Implementing API version 1.21.8-R0.1-SNAPSHOT)
[19:24:21] [Server thread/INFO]: [spark] This server bundles the spark profiler. For more information please visit https://docs.papermc.io/paper/profiling
[19:24:21] [Server thread/INFO]: Server Ping Player Sample Count: 12
[19:24:21] [Server thread/INFO]: Using 4 threads for Netty based IO
[19:24:22] [Server thread/INFO]: [MoonriseCommon] Paper is using 1 worker threads, 1 I/O threads
[19:24:22] [Server thread/INFO]: [ChunkTaskScheduler] Chunk system is using population gen parallelism: true
[19:24:23] [Server thread/INFO]: Default game type: SURVIVAL
[19:24:23] [Server thread/INFO]: Generating keypair
[19:24:23] [Server thread/INFO]: Starting Minecraft server on *:25565
[19:24:23] [Server thread/INFO]: Using epoll channel type
[19:24:23] [Server thread/INFO]: Paper: Using libdeflate (Linux x86_64) compression from Velocity.
[19:24:23] [Server thread/INFO]: Paper: Using OpenSSL 3.x.x (Linux x86_64) cipher from Velocity.
[19:24:23] [Server thread/INFO]: Server permissions file permissions.yml is empty, ignoring it
[19:24:23] [Server thread/WARN]: **** SERVER IS RUNNING IN OFFLINE/INSECURE MODE!
[19:24:23] [Server thread/WARN]: The server will make no attempt to authenticate usernames. Beware.
[19:24:23] [Server thread/WARN]: While this makes the game possible to play without internet access, it also opens up the ability for hackers to connect with any username they choose.
[19:24:23] [Server thread/WARN]: To change this, set "online-mode" to "true" in the server.properties file.
[19:24:23] [Server thread/INFO]: Preparing level "world"
[19:24:24] [Server thread/INFO]: Preparing start region for dimension minecraft:overworld
[19:24:25] [Server thread/INFO]: Preparing spawn area: 0%
[19:24:25] [Server thread/INFO]: Preparing spawn area: 2%
[19:24:25] [Server thread/INFO]: Preparing spawn area: 2%
[19:24:26] [Server thread/INFO]: Preparing spawn area: 22%
[19:24:26] [Server thread/INFO]: Time elapsed: 1884 ms
[19:24:26] [Server thread/INFO]: Preparing start region for dimension minecraft:the_nether
[19:24:26] [Server thread/INFO]: Preparing spawn area: 0%
[19:24:26] [Server thread/INFO]: Preparing spawn area: 22%
[19:24:27] [Server thread/INFO]: Time elapsed: 682 ms
[19:24:27] [Server thread/INFO]: Preparing start region for dimension minecraft:the_end
[19:24:27] [Server thread/INFO]: Preparing spawn area: 0%
[19:24:27] [Server thread/INFO]: Preparing spawn area: 46%
[19:24:27] [Server thread/INFO]: Time elapsed: 587 ms
[19:24:28] [Server thread/INFO]: [spark] Starting background profiler...
[19:24:28] [Server thread/INFO]: Done preparing level "world" (5.257s)
[19:24:28] [Server thread/INFO]: Running delayed init tasks
[19:24:28] [Server thread/INFO]: Done (22.043s)! For help, type "help"
[19:25:07] [User Authenticator #0/INFO]: UUID of player DEMYCR2 is 3b489689-4551-30ce-822b-fd5afe3fdae8
[19:25:14] [Server thread/INFO]: DEMYCR2 joined the game
[19:25:14] [Server thread/INFO]: DEMYCR2[/127.190.37.178:42645] logged in with entity id 29 at ([world]-1409.300000011921, -14.0, -763.6788899592306)
[19:31:26] [Server thread/INFO]: DEMYCR2 has made the advancement [Diamonds!]
[19:39:56] [Server thread/INFO]: Gave 64 [Coal] to DEMYCR2
[19:48:39] [Server thread/INFO]: Gave 1 [Book] to DEMYCR2
[19:49:26] [Server thread/INFO]: DEMYCR2 has made the advancement [Hot Stuff]
[19:50:42] [Server thread/INFO]: DEMYCR2 has made the advancement [Ice Bucket Challenge]
[19:51:32] [Server thread/INFO]: DEMYCR2 has made the advancement [Enchanter]
[19:52:57] [Server thread/INFO]: DEMYCR2 has made the advancement [We Need to Go Deeper]
[19:52:57] [Server thread/WARN]: Can't keep up! Is the server overloaded? Running 2528ms or 50 ticks behind
[19:55:39] [Server thread/INFO]: DEMYCR2 has made the advancement [Those Were the Days]
[19:55:48] [Server thread/INFO]: DEMYCR2 has made the advancement [War Pigs]
[19:56:06] [Server thread/INFO]: DEMYCR2 tried to swim in lava to escape Piglin
[19:56:25] [Server thread/INFO]: Unknown game mode: 1
gamemode 1 DEMYCR2<--[HERE]
[19:56:38] [Server thread/INFO]: Made DEMYCR2 a server operator
[19:56:42] [Server thread/INFO]: [DEMYCR2: Set own game mode to Creative Mode]
[19:58:18] [Server thread/INFO]: [DEMYCR2: Set own game mode to Survival Mode]
[19:58:27] [Server thread/INFO]: [DEMYCR2: Set own game mode to Creative Mode]
[20:01:50] [Server thread/INFO]: [DEMYCR2: Set own game mode to Survival Mode]
[20:02:37] [Server thread/INFO]: DEMYCR2 issued server command: /xp add DEMYCR2 20 levels
[20:02:37] [Server thread/INFO]: [DEMYCR2: Gave 20 experience levels to DEMYCR2]
[20:03:56] [Server thread/INFO]: [DEMYCR2: Set own game mode to Creative Mode]
[20:04:11] [Server thread/INFO]: [DEMYCR2: Set own game mode to Survival Mode]
[20:05:20] [Server thread/INFO]: DEMYCR2 has made the advancement [Take Aim]
